[05/06/16 22:17:28] Compiling a library of test strings...
[05/06/16 22:17:30] About to run each algorithm in turn on each test string...
[05/06/16 22:17:30] Running algorithm module naive
[05/06/16 22:17:30] \__. for input string length 5
[05/06/16 22:17:30]    \__. for alphabet bin
[05/06/16 22:17:30]       --> calculating LCS length...
[05/06/16 22:17:30]       --> reconstructing an LCS...
[05/06/16 22:17:30]       --> saving results of the run...
[05/06/16 22:17:30]    \__. for alphabet alpha
[05/06/16 22:17:30]       --> calculating LCS length...
[05/06/16 22:17:30]       --> reconstructing an LCS...
[05/06/16 22:17:30]       --> saving results of the run...
[05/06/16 22:17:30] \__. for input string length 10
[05/06/16 22:17:30]    \__. for alphabet bin
[05/06/16 22:17:30]       --> calculating LCS length...
[05/06/16 22:17:30]       --> reconstructing an LCS...
[05/06/16 22:17:30]       --> saving results of the run...
[05/06/16 22:17:30]    \__. for alphabet alpha
[05/06/16 22:17:30]       --> calculating LCS length...
[05/06/16 22:17:30]       --> reconstructing an LCS...
[05/06/16 22:17:30]       --> saving results of the run...
[05/06/16 22:17:30] \__. for input string length 15
[05/06/16 22:17:30]    \__. for alphabet bin
[05/06/16 22:17:30]       --> calculating LCS length...
[05/06/16 22:17:30]       --> reconstructing an LCS...
[05/06/16 22:17:30]       --> saving results of the run...
[05/06/16 22:17:30]    \__. for alphabet alpha
[05/06/16 22:17:30]       --> calculating LCS length...
[05/06/16 22:17:30]       --> reconstructing an LCS...
[05/06/16 22:17:34]       --> saving results of the run...
[05/06/16 22:17:34] \__. for input string length 20
[05/06/16 22:17:34]    \__. for alphabet bin
[05/06/16 22:17:34]       --> calculating LCS length...
[05/06/16 22:17:34]       --> reconstructing an LCS...
[05/06/16 22:17:35]       --> saving results of the run...
[05/06/16 22:17:35]    \__. for alphabet alpha
[05/06/16 22:17:35]       --> calculating LCS length...
[05/06/16 22:17:35]       --> reconstructing an LCS...
[05/06/16 22:30:19]       --> saving results of the run...
[05/06/16 22:30:19] Running algorithm module memoized
[05/06/16 22:30:19] \__. for input string length 5
[05/06/16 22:30:19]    \__. for alphabet bin
[05/06/16 22:30:19]       --> calculating LCS length...
[05/06/16 22:30:19]       --> reconstructing an LCS...
[05/06/16 22:30:19]       --> saving results of the run...
[05/06/16 22:30:19]    \__. for alphabet alpha
[05/06/16 22:30:19]       --> calculating LCS length...
[05/06/16 22:30:19]       --> reconstructing an LCS...
[05/06/16 22:30:19]       --> saving results of the run...
[05/06/16 22:30:19] \__. for input string length 10
[05/06/16 22:30:19]    \__. for alphabet bin
[05/06/16 22:30:19]       --> calculating LCS length...
[05/06/16 22:30:19]       --> reconstructing an LCS...
[05/06/16 22:30:19]       --> saving results of the run...
[05/06/16 22:30:19]    \__. for alphabet alpha
[05/06/16 22:30:19]       --> calculating LCS length...
[05/06/16 22:30:19]       --> reconstructing an LCS...
[05/06/16 22:30:19]       --> saving results of the run...
[05/06/16 22:30:19] \__. for input string length 15
[05/06/16 22:30:19]    \__. for alphabet bin
[05/06/16 22:30:19]       --> calculating LCS length...
[05/06/16 22:30:19]       --> reconstructing an LCS...
[05/06/16 22:30:19]       --> saving results of the run...
[05/06/16 22:30:19]    \__. for alphabet alpha
[05/06/16 22:30:19]       --> calculating LCS length...
[05/06/16 22:30:19]       --> reconstructing an LCS...
[05/06/16 22:30:19]       --> saving results of the run...
[05/06/16 22:30:19] \__. for input string length 20
[05/06/16 22:30:19]    \__. for alphabet bin
[05/06/16 22:30:19]       --> calculating LCS length...
[05/06/16 22:30:19]       --> reconstructing an LCS...
[05/06/16 22:30:19]       --> saving results of the run...
[05/06/16 22:30:19]    \__. for alphabet alpha
[05/06/16 22:30:19]       --> calculating LCS length...
[05/06/16 22:30:19]       --> reconstructing an LCS...
[05/06/16 22:30:19]       --> saving results of the run...
[05/06/16 22:30:19] \__. for input string length 1000
[05/06/16 22:30:19]    \__. for alphabet bin
[05/06/16 22:30:19]       --> calculating LCS length...
[05/06/16 22:32:08]       --> reconstructing an LCS...
[05/06/16 22:32:08]       --> saving results of the run...
[05/06/16 22:32:08]    \__. for alphabet alpha
[05/06/16 22:32:08]       --> calculating LCS length...
[05/06/16 22:34:09]       --> reconstructing an LCS...
[05/06/16 22:34:09]       --> saving results of the run...
[05/06/16 22:34:09] \__. for input string length 2000
[05/06/16 22:34:09]    \__. for alphabet bin
[05/06/16 22:34:09]       --> calculating LCS length...
[05/06/16 22:41:28]       --> reconstructing an LCS...
[05/06/16 22:41:28]       --> saving results of the run...
[05/06/16 22:41:28]    \__. for alphabet alpha
[05/06/16 22:41:28]       --> calculating LCS length...
[05/06/16 22:49:32]       --> reconstructing an LCS...
[05/06/16 22:49:32]       --> saving results of the run...
[05/06/16 22:49:32] \__. for input string length 3000
[05/06/16 22:49:32]    \__. for alphabet bin
[05/06/16 22:49:32]       --> calculating LCS length...
[05/06/16 23:06:03]       --> reconstructing an LCS...
[05/06/16 23:06:04]       --> saving results of the run...
[05/06/16 23:06:04]    \__. for alphabet alpha
[05/06/16 23:06:04]       --> calculating LCS length...
[05/06/16 23:24:20]       --> reconstructing an LCS...
[05/06/16 23:24:20]       --> saving results of the run...
[05/06/16 23:24:20] \__. for input string length 4000
[05/06/16 23:24:20]    \__. for alphabet bin
[05/06/16 23:24:20]       --> calculating LCS length...
[05/06/16 23:53:55]       --> reconstructing an LCS...
[05/06/16 23:53:56]       --> saving results of the run...
[05/06/16 23:53:56]    \__. for alphabet alpha
[05/06/16 23:53:56]       --> calculating LCS length...
[05/07/16 00:27:02]       --> reconstructing an LCS...
[05/07/16 00:27:03]       --> saving results of the run...
[05/07/16 00:27:03] \__. for input string length 5000
[05/07/16 00:27:03]    \__. for alphabet bin
[05/07/16 00:27:03]       --> calculating LCS length...
[05/07/16 01:13:53]       --> reconstructing an LCS...
[05/07/16 01:13:53]       --> saving results of the run...
[05/07/16 01:13:53]    \__. for alphabet alpha
[05/07/16 01:13:53]       --> calculating LCS length...
[05/07/16 02:07:02]       --> reconstructing an LCS...
[05/07/16 02:07:02]       --> saving results of the run...
[05/07/16 02:07:02] \__. for input string length 10000
[05/07/16 02:07:02]    \__. for alphabet bin
[05/07/16 02:07:02]       --> calculating LCS length...
[05/07/16 05:23:37]       --> reconstructing an LCS...
[05/07/16 05:23:39]       --> saving results of the run...
[05/07/16 05:23:39]    \__. for alphabet alpha
[05/07/16 05:23:39]       --> calculating LCS length...
[05/07/16 09:34:35]       --> reconstructing an LCS...
[05/07/16 09:34:37]       --> saving results of the run...
[05/07/16 09:34:37] Running algorithm module hirschberg
[05/07/16 09:34:37] \__. for input string length 5
[05/07/16 09:34:37]    \__. for alphabet bin
[05/07/16 09:34:37]       --> calculating LCS length...
[05/07/16 09:34:41]       --> reconstructing an LCS...
[05/07/16 09:34:41]       --> saving results of the run...
[05/07/16 09:34:41]    \__. for alphabet alpha
[05/07/16 09:34:41]       --> calculating LCS length...
[05/07/16 09:34:41]       --> reconstructing an LCS...
[05/07/16 09:34:41]       --> saving results of the run...
[05/07/16 09:34:41] \__. for input string length 10
[05/07/16 09:34:41]    \__. for alphabet bin
[05/07/16 09:34:41]       --> calculating LCS length...
[05/07/16 09:34:41]       --> reconstructing an LCS...
[05/07/16 09:34:41]       --> saving results of the run...
[05/07/16 09:34:41]    \__. for alphabet alpha
[05/07/16 09:34:41]       --> calculating LCS length...
[05/07/16 09:34:41]       --> reconstructing an LCS...
[05/07/16 09:34:41]       --> saving results of the run...
[05/07/16 09:34:41] \__. for input string length 15
[05/07/16 09:34:41]    \__. for alphabet bin
[05/07/16 09:34:41]       --> calculating LCS length...
[05/07/16 09:34:41]       --> reconstructing an LCS...
[05/07/16 09:34:41]       --> saving results of the run...
[05/07/16 09:34:41]    \__. for alphabet alpha
[05/07/16 09:34:41]       --> calculating LCS length...
[05/07/16 09:34:41]       --> reconstructing an LCS...
[05/07/16 09:34:41]       --> saving results of the run...
[05/07/16 09:34:41] \__. for input string length 20
[05/07/16 09:34:41]    \__. for alphabet bin
[05/07/16 09:34:41]       --> calculating LCS length...
[05/07/16 09:34:41]       --> reconstructing an LCS...
[05/07/16 09:34:41]       --> saving results of the run...
[05/07/16 09:34:41]    \__. for alphabet alpha
[05/07/16 09:34:41]       --> calculating LCS length...
[05/07/16 09:34:41]       --> reconstructing an LCS...
[05/07/16 09:34:41]       --> saving results of the run...
[05/07/16 09:34:41] \__. for input string length 1000
[05/07/16 09:34:41]    \__. for alphabet bin
[05/07/16 09:34:41]       --> calculating LCS length...
[05/07/16 09:34:50]       --> reconstructing an LCS...
[05/07/16 09:35:06]       --> saving results of the run...
[05/07/16 09:35:06]    \__. for alphabet alpha
[05/07/16 09:35:06]       --> calculating LCS length...
[05/07/16 09:35:14]       --> reconstructing an LCS...
[05/07/16 09:35:30]       --> saving results of the run...
[05/07/16 09:35:30] \__. for input string length 2000
[05/07/16 09:35:30]    \__. for alphabet bin
[05/07/16 09:35:30]       --> calculating LCS length...
[05/07/16 09:36:04]       --> reconstructing an LCS...
[05/07/16 09:37:09]       --> saving results of the run...
[05/07/16 09:37:09]    \__. for alphabet alpha
[05/07/16 09:37:09]       --> calculating LCS length...
[05/07/16 09:37:42]       --> reconstructing an LCS...
[05/07/16 09:38:46]       --> saving results of the run...
[05/07/16 09:38:46] \__. for input string length 3000
[05/07/16 09:38:46]    \__. for alphabet bin
[05/07/16 09:38:46]       --> calculating LCS length...
[05/07/16 09:40:01]       --> reconstructing an LCS...
[05/07/16 09:42:27]       --> saving results of the run...
[05/07/16 09:42:27]    \__. for alphabet alpha
[05/07/16 09:42:27]       --> calculating LCS length...
[05/07/16 09:43:42]       --> reconstructing an LCS...
[05/07/16 09:46:06]       --> saving results of the run...
[05/07/16 09:46:06] \__. for input string length 4000
[05/07/16 09:46:06]    \__. for alphabet bin
[05/07/16 09:46:06]       --> calculating LCS length...
[05/07/16 09:48:20]       --> reconstructing an LCS...
[05/07/16 09:52:40]       --> saving results of the run...
[05/07/16 09:52:40]    \__. for alphabet alpha
[05/07/16 09:52:40]       --> calculating LCS length...
[05/07/16 09:54:52]       --> reconstructing an LCS...
[05/07/16 09:59:09]       --> saving results of the run...
[05/07/16 09:59:09] \__. for input string length 5000
[05/07/16 09:59:09]    \__. for alphabet bin
[05/07/16 09:59:09]       --> calculating LCS length...
[05/07/16 10:02:38]       --> reconstructing an LCS...
[05/07/16 10:09:24]       --> saving results of the run...
[05/07/16 10:09:24]    \__. for alphabet alpha
[05/07/16 10:09:24]       --> calculating LCS length...
[05/07/16 10:12:51]       --> reconstructing an LCS...
[05/07/16 10:19:32]       --> saving results of the run...
[05/07/16 10:19:32] \__. for input string length 10000
[05/07/16 10:19:32]    \__. for alphabet bin
[05/07/16 10:19:32]       --> calculating LCS length...
[05/07/16 10:33:30]       --> reconstructing an LCS...
[05/07/16 11:00:38]       --> saving results of the run...
[05/07/16 11:00:38]    \__. for alphabet alpha
[05/07/16 11:00:38]       --> calculating LCS length...
